<?xml version="1.0" encoding="UTF-8"?>
<!-- Generated by org.testng.reporters.JUnitXMLReporter -->
<testsuite ignored="0" hostname="WSPF1EBU0Y" failures="1" tests="1" name="ChromeTest" time="9.883" errors="0" timestamp="2021-01-20T15:32:40 EST">
  <testcase classname="org.PlanCanadaTestAutomation.tests.Tester" name="donationTest" time="0.066">
    <failure type="java.lang.AssertionError" message="expected [true] but found [false]">
      <![CDATA[java.lang.AssertionError: expected [true] but found [false]
at org.PlanCanadaTestAutomation.tests.Tester.donationTest(Tester.java:78)
at java.base/java.util.ArrayList.forEach(ArrayList.java:1511)
... Removed 31 stack frames]]>
    </failure>
  </testcase> <!-- donationTest -->
</testsuite> <!-- ChromeTest -->
